#
# A fatal error has been detected by the Java Runtime Environment:
#
#  EXCEPTION_ACCESS_VIOLATION (0xc0000005) at pc=0x00007ffcac9dd69a, pid=1960, tid=3332
#
# JRE version: Java(TM) SE Runtime Environment (8.0_66-b18) (build 1.8.0_66-b18)
# Java VM: Java HotSpot(TM) 64-Bit Server VM (25.66-b18 mixed mode windows-amd64 compressed oops)
# Problematic frame:
# C  [ig75icd64.dll+0xed69a]
#
# Failed to write core dump. Minidumps are not enabled by default on client versions of Windows
#
# If you would like to submit a bug report, please visit:
#   http://bugreport.java.com/bugreport/crash.jsp
# The crash happened outside the Java Virtual Machine in native code.
# See problematic frame for where to report the bug.
#

---------------  T H R E A D  ---------------

Current thread (0x000000001c4a5000):  JavaThread "AWT-EventQueue-1" [_thread_in_native, id=3332, stack(0x000000001d8e0000,0x000000001d9e0000)]

siginfo: ExceptionCode=0xc0000005, writing address 0x0000000000000880

Registers:
RAX=0x00000000ffffffff, RBX=0x00000000635b0040, RCX=0x0000000000000000, RDX=0x0000000000000000
RSP=0x000000001d9de110, RBP=0x0000000000000000, RSI=0x00000000635b0040, RDI=0x0000000000000000
R8 =0x0000000000181740, R9 =0x0000000000000000, R10=0x0000000000000000, R11=0x0000000000000064
R12=0x0000000000613148, R13=0x0000000000000000, R14=0x0000000000000000, R15=0x00007ffcad3467a8
RIP=0x00007ffcac9dd69a, EFLAGS=0x0000000000010286

Top of Stack: (sp=0x000000001d9de110)
0x000000001d9de110:   00000000635b0040 00000000635b0040
0x000000001d9de120:   00000000635b0040 00000000635b0040
0x000000001d9de130:   0000000000000000 00007ffcac8fdcd8
0x000000001d9de140:   0000000000000000 00000000005ac110
0x000000001d9de150:   00000000005b3f10 0000000000000000
0x000000001d9de160:   0000000000000000 0000000000613148
0x000000001d9de170:   00000000005ca920 00007ffcac8fd554
0x000000001d9de180:   00000000635b0040 00000000005ac110
0x000000001d9de190:   0000000000000000 00000000635d6858
0x000000001d9de1a0:   fffffffffffffffe 0000000000000000
0x000000001d9de1b0:   000000001c4a5000 0000000000000000
0x000000001d9de1c0:   0000000000000040 00000000070111fe
0x000000001d9de1d0:   00000000005c0b10 00007ffcace26cbd
0x000000001d9de1e0:   0000000063107790 00000000070111fe
0x000000001d9de1f0:   00000000005c0b10 00000000634e65e0
0x000000001d9de200:   000000001c4a5000 000000001d9de420 

Instructions: (pc=0x00007ffcac9dd69a)
0x00007ffcac9dd67a:   93 f0 e8 02 00 48 85 d2 74 0c 48 8b 8b f8 e8 02
0x00007ffcac9dd68a:   00 e8 10 ef 44 00 48 8b 8b f8 e8 02 00 83 c8 ff
0x00007ffcac9dd69a:   f0 0f c1 81 80 08 00 00 ff c8 75 05 e8 65 f0 44
0x00007ffcac9dd6aa:   00 b0 01 48 c7 83 f8 e8 02 00 00 00 00 00 48 83 


Register to memory mapping:

RAX=0x00000000ffffffff is an unknown value
RBX=0x00000000635b0040 is an unknown value
RCX=0x0000000000000000 is an unknown value
RDX=0x0000000000000000 is an unknown value
RSP=0x000000001d9de110 is pointing into the stack for thread: 0x000000001c4a5000
RBP=0x0000000000000000 is an unknown value
RSI=0x00000000635b0040 is an unknown value
RDI=0x0000000000000000 is an unknown value
R8 =0x0000000000181740 is an unknown value
R9 =0x0000000000000000 is an unknown value
R10=0x0000000000000000 is an unknown value
R11=0x0000000000000064 is an unknown value
R12=0x0000000000613148 is an unknown value
R13=0x0000000000000000 is an unknown value
R14=0x0000000000000000 is an unknown value
R15=0x00007ffcad3467a8 is an unknown value


Stack: [0x000000001d8e0000,0x000000001d9e0000],  sp=0x000000001d9de110,  free space=1016k
Native frames: (J=compiled Java code, j=interpreted, Vv=VM code, C=native code)

Java frames: (J=compiled Java code, j=interpreted, Vv=VM code)
J 2315  jogamp.nativewindow.windows.GDI.SwapBuffers(J)Z (0 bytes) @ 0x0000000002937201 [0x00000000029371c0+0x41]
J 2313 C1 jogamp.opengl.windows.wgl.WindowsWGLDrawable.swapBuffersImpl(Z)V (153 bytes) @ 0x000000000293680c [0x0000000002936580+0x28c]
J 2312 C1 jogamp.opengl.GLDrawableImpl.swapBuffers()V (138 bytes) @ 0x000000000293517c [0x0000000002934ac0+0x6bc]
j  javax.media.opengl.awt.GLCanvas$12.run()V+45
J 1993 C1 java.awt.event.InvocationEvent.dispatch()V (69 bytes) @ 0x0000000002837acc [0x0000000002837980+0x14c]
J 2105 C1 java.awt.EventQueue.dispatchEventImpl(Ljava/awt/AWTEvent;Ljava/lang/Object;)V (149 bytes) @ 0x0000000002884e44 [0x0000000002883280+0x1bc4]
J 2103 C1 java.awt.EventQueue$3.run()Ljava/lang/Void; (60 bytes) @ 0x0000000002880e1c [0x0000000002880c00+0x21c]
J 2102 C1 java.awt.EventQueue$3.run()Ljava/lang/Object; (5 bytes) @ 0x000000000288150c [0x0000000002881480+0x8c]
v  ~StubRoutines::call_stub
J 448  java.security.AccessController.doPrivileged(Ljava/security/PrivilegedAction;Ljava/security/AccessControlContext;)Ljava/lang/Object; (0 bytes) @ 0x00000000022ea6a6 [0x00000000022ea640+0x66]
J 1916 C1 java.awt.EventQueue.dispatchEvent(Ljava/awt/AWTEvent;)V (80 bytes) @ 0x00000000028081ac [0x0000000002807800+0x9ac]
J 1920 C1 java.awt.EventDispatchThread.pumpOneEventForFilters(I)V (295 bytes) @ 0x000000000280d4cc [0x000000000280b940+0x1b8c]
j  java.awt.EventDispatchThread.pumpEventsForFilter(ILjava/awt/Conditional;Ljava/awt/EventFilter;)V+35
j  java.awt.EventDispatchThread.pumpEventsForHierarchy(ILjava/awt/Conditional;Ljava/awt/Component;)V+11
j  java.awt.EventDispatchThread.pumpEvents(ILjava/awt/Conditional;)V+4
j  java.awt.EventDispatchThread.pumpEvents(Ljava/awt/Conditional;)V+3
j  java.awt.EventDispatchThread.run()V+9
v  ~StubRoutines::call_stub

---------------  P R O C E S S  ---------------

Java Threads: ( => current thread )
  0x000000001b6dd800 JavaThread "Thread-21" [_thread_blocked, id=7852, stack(0x000000006aa50000,0x000000006ab50000)]
  0x000000001c99a000 JavaThread "Animation Thread-SharedResourceRunner" daemon [_thread_blocked, id=1524, stack(0x000000001f3f0000,0x000000001f4f0000)]
=>0x000000001c4a5000 JavaThread "AWT-EventQueue-1" [_thread_in_native, id=3332, stack(0x000000001d8e0000,0x000000001d9e0000)]
  0x0000000001fd0800 JavaThread "DestroyJavaVM" [_thread_blocked, id=7640, stack(0x0000000001ed0000,0x0000000001fd0000)]
  0x000000001c466800 JavaThread "AWT-EventQueue-0" [_thread_blocked, id=1408, stack(0x000000001d160000,0x000000001d260000)]
  0x000000001c453000 JavaThread "thread applet-module3.EarthquakeCityMap.class" [_thread_blocked, id=5732, stack(0x000000001d060000,0x000000001d160000)]
  0x000000001c3ed800 JavaThread "AWT-Windows" daemon [_thread_in_native, id=5576, stack(0x000000001cda0000,0x000000001cea0000)]
  0x000000001c3ec800 JavaThread "AWT-Shutdown" [_thread_blocked, id=7276, stack(0x000000001cca0000,0x000000001cda0000)]
  0x000000001c448800 JavaThread "Java2D Disposer" daemon [_thread_blocked, id=7372, stack(0x000000001cb80000,0x000000001cc80000)]
  0x000000001b768800 JavaThread "Service Thread" daemon [_thread_blocked, id=2800, stack(0x000000001c0a0000,0x000000001c1a0000)]
  0x000000001b6de000 JavaThread "C1 CompilerThread3" daemon [_thread_blocked, id=2260, stack(0x000000001bfa0000,0x000000001c0a0000)]
  0x000000001b6d4800 JavaThread "C2 CompilerThread2" daemon [_thread_blocked, id=9204, stack(0x000000001bea0000,0x000000001bfa0000)]
  0x000000001b6c9800 JavaThread "C2 CompilerThread1" daemon [_thread_blocked, id=856, stack(0x000000001bda0000,0x000000001bea0000)]
  0x000000001b6c6800 JavaThread "C2 CompilerThread0" daemon [_thread_blocked, id=8768, stack(0x000000001bca0000,0x000000001bda0000)]
  0x000000001b6c4800 JavaThread "Attach Listener" daemon [_thread_blocked, id=4768, stack(0x000000001bba0000,0x000000001bca0000)]
  0x000000001960e800 JavaThread "Signal Dispatcher" daemon [_thread_blocked, id=8364, stack(0x000000001baa0000,0x000000001bba0000)]
  0x00000000020c9000 JavaThread "Finalizer" daemon [_thread_blocked, id=5868, stack(0x000000001b4c0000,0x000000001b5c0000)]
  0x00000000020c2000 JavaThread "Reference Handler" daemon [_thread_blocked, id=8764, stack(0x000000001b3c0000,0x000000001b4c0000)]

Other Threads:
  0x00000000195f9800 VMThread [stack: 0x000000001b2c0000,0x000000001b3c0000] [id=2828]
  0x000000001b77a800 WatcherThread [stack: 0x000000001c1a0000,0x000000001c2a0000] [id=988]

VM state:not at safepoint (normal execution)

VM Mutex/Monitor currently owned by a thread: None

Heap:
 PSYoungGen      total 56320K, used 32392K [0x0000000780580000, 0x0000000785280000, 0x00000007c0000000)
  eden space 48128K, 50% used [0x0000000780580000,0x0000000781d25760,0x0000000783480000)
  from space 8192K, 99% used [0x0000000783580000,0x0000000783d7cb60,0x0000000783d80000)
  to   space 15360K, 0% used [0x0000000784380000,0x0000000784380000,0x0000000785280000)
 ParOldGen       total 131072K, used 8527K [0x0000000701000000, 0x0000000709000000, 0x0000000780580000)
  object space 131072K, 6% used [0x0000000701000000,0x0000000701853d18,0x0000000709000000)
 Metaspace       used 19545K, capacity 19707K, committed 19968K, reserved 1067008K
  class space    used 1903K, capacity 1977K, committed 2048K, reserved 1048576K

Card table byte_map: [0x0000000011490000,0x0000000011a90000] byte_map_base: 0x000000000dc88000

Marking Bits: (ParMarkBitMap*) 0x0000000060d9a5b0
 Begin Bits: [0x0000000012690000, 0x0000000015650000)
 End Bits:   [0x0000000015650000, 0x0000000018610000)

Polling page: 0x0000000000520000

CodeCache: size=245760Kb used=9353Kb max_used=9401Kb free=236406Kb
 bounds [0x00000000020d0000, 0x0000000002a10000, 0x00000000110d0000]
 total_blobs=3353 nmethods=2468 adapters=797
 compilation: enabled

Compilation events (10 events):
Event: 53.756 Thread 0x000000001b6de000 2504   !   3       sun.awt.PostEventQueue::postEvent (81 bytes)
Event: 53.756 Thread 0x000000001b6de000 nmethod 2504 0x000000000299f010 code [0x000000000299f1e0, 0x000000000299fb78]
Event: 53.757 Thread 0x000000001b6de000 2501       3       java.awt.EventQueue$2::wakeup (6 bytes)
Event: 53.757 Thread 0x000000001b6de000 nmethod 2501 0x0000000002237f50 code [0x00000000022380c0, 0x00000000022382a8]
Event: 53.757 Thread 0x000000001b6de000 2502       3       java.awt.EventQueue::access$100 (6 bytes)
Event: 53.757 Thread 0x000000001b6de000 nmethod 2502 0x00000000021ef0d0 code [0x00000000021ef240, 0x00000000021ef3a8]
Event: 53.758 Thread 0x000000001b6de000 2503   !   3       java.awt.EventQueue::wakeup (79 bytes)
Event: 53.759 Thread 0x000000001b6de000 nmethod 2503 0x00000000022ec350 code [0x00000000022ec560, 0x00000000022ece18]
Event: 54.471 Thread 0x000000001b6c6800 2505       4       java.util.HashMap::removeNode (291 bytes)
Event: 54.480 Thread 0x000000001b6c6800 nmethod 2505 0x00000000021d3350 code [0x00000000021d34c0, 0x00000000021d3998]

GC Heap History (10 events):
Event: 2.392 GC heap before
{Heap before GC invocations=1 (full 0):
 PSYoungGen      total 57344K, used 49152K [0x0000000780580000, 0x0000000784580000, 0x00000007c0000000)
  eden space 49152K, 100% used [0x0000000780580000,0x0000000783580000,0x0000000783580000)
  from space 8192K, 0% used [0x0000000783d80000,0x0000000783d80000,0x0000000784580000)
  to   space 8192K, 0% used [0x0000000783580000,0x0000000783580000,0x0000000783d80000)
 ParOldGen       total 131072K, used 0K [0x0000000701000000, 0x0000000709000000, 0x0000000780580000)
  object space 131072K, 0% used [0x0000000701000000,0x0000000701000000,0x0000000709000000)
 Metaspace       used 15342K, capacity 15523K, committed 15744K, reserved 1062912K
  class space    used 1528K, capacity 1591K, committed 1664K, reserved 1048576K
Event: 2.409 GC heap after
Heap after GC invocations=1 (full 0):
 PSYoungGen      total 57344K, used 6246K [0x0000000780580000, 0x0000000784580000, 0x00000007c0000000)
  eden space 49152K, 0% used [0x0000000780580000,0x0000000780580000,0x0000000783580000)
  from space 8192K, 76% used [0x0000000783580000,0x0000000783b99968,0x0000000783d80000)
  to   space 8192K, 0% used [0x0000000783d80000,0x0000000783d80000,0x0000000784580000)
 ParOldGen       total 131072K, used 8K [0x0000000701000000, 0x0000000709000000, 0x0000000780580000)
  object space 131072K, 0% used [0x0000000701000000,0x0000000701002000,0x0000000709000000)
 Metaspace       used 15342K, capacity 15523K, committed 15744K, reserved 1062912K
  class space    used 1528K, capacity 1591K, committed 1664K, reserved 1048576K
}
Event: 4.274 GC heap before
{Heap before GC invocations=2 (full 0):
 PSYoungGen      total 57344K, used 55306K [0x0000000780580000, 0x0000000784580000, 0x00000007c0000000)
  eden space 49152K, 99% used [0x0000000780580000,0x0000000783569188,0x0000000783580000)
  from space 8192K, 76% used [0x0000000783580000,0x0000000783b99968,0x0000000783d80000)
  to   space 8192K, 0% used [0x0000000783d80000,0x0000000783d80000,0x0000000784580000)
 ParOldGen       total 131072K, used 8K [0x0000000701000000, 0x0000000709000000, 0x0000000780580000)
  object space 131072K, 0% used [0x0000000701000000,0x0000000701002000,0x0000000709000000)
 Metaspace       used 19060K, capacity 19245K, committed 19456K, reserved 1067008K
  class space    used 1900K, capacity 1976K, committed 2048K, reserved 1048576K
Event: 4.295 GC heap after
Heap after GC invocations=2 (full 0):
 PSYoungGen      total 57344K, used 8162K [0x0000000780580000, 0x0000000784580000, 0x00000007c0000000)
  eden space 49152K, 0% used [0x0000000780580000,0x0000000780580000,0x0000000783580000)
  from space 8192K, 99% used [0x0000000783d80000,0x0000000784578b60,0x0000000784580000)
  to   space 8192K, 0% used [0x0000000783580000,0x0000000783580000,0x0000000783d80000)
 ParOldGen       total 131072K, used 7987K [0x0000000701000000, 0x0000000709000000, 0x0000000780580000)
  object space 131072K, 6% used [0x0000000701000000,0x00000007017cccf8,0x0000000709000000)
 Metaspace       used 19060K, capacity 19245K, committed 19456K, reserved 1067008K
  class space    used 1900K, capacity 1976K, committed 2048K, reserved 1048576K
}
Event: 16.909 GC heap before
{Heap before GC invocations=3 (full 0):
 PSYoungGen      total 57344K, used 57314K [0x0000000780580000, 0x0000000784580000, 0x00000007c0000000)
  eden space 49152K, 100% used [0x0000000780580000,0x0000000783580000,0x0000000783580000)
  from space 8192K, 99% used [0x0000000783d80000,0x0000000784578b60,0x0000000784580000)
  to   space 8192K, 0% used [0x0000000783580000,0x0000000783580000,0x0000000783d80000)
 ParOldGen       total 131072K, used 7987K [0x0000000701000000, 0x0000000709000000, 0x0000000780580000)
  object space 131072K, 6% used [0x0000000701000000,0x00000007017cccf8,0x0000000709000000)
 Metaspace       used 19531K, capacity 19707K, committed 19968K, reserved 1067008K
  class space    used 1901K, capacity 1977K, committed 2048K, reserved 1048576K
Event: 16.925 GC heap after
Heap after GC invocations=3 (full 0):
 PSYoungGen      total 57344K, used 8178K [0x0000000780580000, 0x0000000784580000, 0x00000007c0000000)
  eden space 49152K, 0% used [0x0000000780580000,0x0000000780580000,0x0000000783580000)
  from space 8192K, 99% used [0x0000000783580000,0x0000000783d7cb80,0x0000000783d80000)
  to   space 8192K, 0% used [0x0000000783d80000,0x0000000783d80000,0x0000000784580000)
 ParOldGen       total 131072K, used 8447K [0x0000000701000000, 0x0000000709000000, 0x0000000780580000)
  object space 131072K, 6% used [0x0000000701000000,0x000000070183fd18,0x0000000709000000)
 Metaspace       used 19531K, capacity 19707K, committed 19968K, reserved 1067008K
  class space    used 1901K, capacity 1977K, committed 2048K, reserved 1048576K
}
Event: 34.872 GC heap before
{Heap before GC invocations=4 (full 0):
 PSYoungGen      total 57344K, used 57330K [0x0000000780580000, 0x0000000784580000, 0x00000007c0000000)
  eden space 49152K, 100% used [0x0000000780580000,0x0000000783580000,0x0000000783580000)
  from space 8192K, 99% used [0x0000000783580000,0x0000000783d7cb80,0x0000000783d80000)
  to   space 8192K, 0% used [0x0000000783d80000,0x0000000783d80000,0x0000000784580000)
 ParOldGen       total 131072K, used 8447K [0x0000000701000000, 0x0000000709000000, 0x0000000780580000)
  object space 131072K, 6% used [0x0000000701000000,0x000000070183fd18,0x0000000709000000)
 Metaspace       used 19532K, capacity 19707K, committed 19968K, reserved 1067008K
  class space    used 1901K, capacity 1977K, committed 2048K, reserved 1048576K
Event: 34.887 GC heap after
Heap after GC invocations=4 (full 0):
 PSYoungGen      total 57344K, used 8162K [0x0000000780580000, 0x0000000784580000, 0x00000007c0000000)
  eden space 49152K, 0% used [0x0000000780580000,0x0000000780580000,0x0000000783580000)
  from space 8192K, 99% used [0x0000000783d80000,0x0000000784578b70,0x0000000784580000)
  to   space 8192K, 0% used [0x0000000783580000,0x0000000783580000,0x0000000783d80000)
 ParOldGen       total 131072K, used 8495K [0x0000000701000000, 0x0000000709000000, 0x0000000780580000)
  object space 131072K, 6% used [0x0000000701000000,0x000000070184bd18,0x0000000709000000)
 Metaspace       used 19532K, capacity 19707K, committed 19968K, reserved 1067008K
  class space    used 1901K, capacity 1977K, committed 2048K, reserved 1048576K
}
Event: 48.727 GC heap before
{Heap before GC invocations=5 (full 0):
 PSYoungGen      total 57344K, used 57314K [0x0000000780580000, 0x0000000784580000, 0x00000007c0000000)
  eden space 49152K, 100% used [0x0000000780580000,0x0000000783580000,0x0000000783580000)
  from space 8192K, 99% used [0x0000000783d80000,0x0000000784578b70,0x0000000784580000)
  to   space 8192K, 0% used [0x0000000783580000,0x0000000783580000,0x0000000783d80000)
 ParOldGen       total 131072K, used 8495K [0x0000000701000000, 0x0000000709000000, 0x0000000780580000)
  object space 131072K, 6% used [0x0000000701000000,0x000000070184bd18,0x0000000709000000)
 Metaspace       used 19533K, capacity 19707K, committed 19968K, reserved 1067008K
  class space    used 1901K, capacity 1977K, committed 2048K, reserved 1048576K
Event: 48.737 GC heap after
Heap after GC invocations=5 (full 0):
 PSYoungGen      total 56320K, used 8178K [0x0000000780580000, 0x0000000785280000, 0x00000007c0000000)
  eden space 48128K, 0% used [0x0000000780580000,0x0000000780580000,0x0000000783480000)
  from space 8192K, 99% used [0x0000000783580000,0x0000000783d7cb60,0x0000000783d80000)
  to   space 15360K, 0% used [0x0000000784380000,0x0000000784380000,0x0000000785280000)
 ParOldGen       total 131072K, used 8527K [0x0000000701000000, 0x0000000709000000, 0x0000000780580000)
  object space 131072K, 6% used [0x0000000701000000,0x0000000701853d18,0x0000000709000000)
 Metaspace       used 19533K, capacity 19707K, committed 19968K, reserved 1067008K
  class space    used 1901K, capacity 1977K, committed 2048K, reserved 1048576K
}

Deoptimization events (10 events):
Event: 3.261 Thread 0x000000001c4a5000 Uncommon trap: reason=unstable_if action=reinterpret pc=0x000000000259e6d0 method=processing.opengl.PGraphicsOpenGL$InGeometry.addVertex(FFFIFFFFFIFIIIFIZ)I @ 218
Event: 3.299 Thread 0x000000001c4a5000 Uncommon trap: reason=class_check action=maybe_recompile pc=0x00000000022424d8 method=java.lang.String.equals(Ljava/lang/Object;)Z @ 8
Event: 3.299 Thread 0x000000001c4a5000 Uncommon trap: reason=class_check action=maybe_recompile pc=0x00000000022424d8 method=java.lang.String.equals(Ljava/lang/Object;)Z @ 8
Event: 3.299 Thread 0x000000001c4a5000 Uncommon trap: reason=class_check action=maybe_recompile pc=0x00000000022424d8 method=java.lang.String.equals(Ljava/lang/Object;)Z @ 8
Event: 3.299 Thread 0x000000001c4a5000 Uncommon trap: reason=class_check action=maybe_recompile pc=0x00000000022424d8 method=java.lang.String.equals(Ljava/lang/Object;)Z @ 8
Event: 3.352 Thread 0x000000001c4a5000 Uncommon trap: reason=class_check action=maybe_recompile pc=0x000000000256d514 method=com.jogamp.common.nio.Buffers.getDirectBufferByteOffset(Ljava/lang/Object;)I @ 42
Event: 3.354 Thread 0x000000001c4a5000 Uncommon trap: reason=class_check action=maybe_recompile pc=0x000000000256d514 method=com.jogamp.common.nio.Buffers.getDirectBufferByteOffset(Ljava/lang/Object;)I @ 42
Event: 52.277 Thread 0x000000001c4a5000 Uncommon trap: reason=unstable_if action=reinterpret pc=0x00000000029cfc44 method=java.awt.EventQueue.isDispatchThreadImpl()Z @ 65
Event: 55.050 Thread 0x000000001c466800 Uncommon trap: reason=unstable_if action=reinterpret pc=0x00000000029dab8c method=java.awt.EventQueue.getPriority(Ljava/awt/AWTEvent;)I @ 71
Event: 55.050 Thread 0x000000001c4a5000 Uncommon trap: reason=unstable_if action=reinterpret pc=0x00000000029d74d8 method=java.awt.EventQueue.eventToCacheIndex(Ljava/awt/AWTEvent;)I @ 71

Internal exceptions (10 events):
Event: 0.141 Thread 0x0000000001fd0800 Exception <a 'java/lang/NoSuchFieldError': method resolution failed> (0x00000007808cf838) thrown at [C:\re\workspace\8-2-build-windows-amd64-cygwin\jdk8u66\5298\hotspot\src\share\vm\prims\methodHandles.cpp, line 1146]
Event: 0.169 Thread 0x0000000001fd0800 Implicit null exception at 0x00000000022380dc to 0x00000000022382b5
Event: 0.199 Thread 0x0000000001fd0800 Exception <a 'java/io/FileNotFoundException'> (0x00000007809add00) thrown at [C:\re\workspace\8-2-build-windows-amd64-cygwin\jdk8u66\5298\hotspot\src\share\vm\prims\jni.cpp, line 709]
Event: 0.230 Thread 0x0000000001fd0800 Exception <a 'java/io/FileNotFoundException'> (0x00000007809d9738) thrown at [C:\re\workspace\8-2-build-windows-amd64-cygwin\jdk8u66\5298\hotspot\src\share\vm\prims\jni.cpp, line 709]
Event: 2.475 Thread 0x000000001c4c5800 Exception <a 'java/lang/InterruptedException'> (0x0000000780a02028) thrown at [C:\re\workspace\8-2-build-windows-amd64-cygwin\jdk8u66\5298\hotspot\src\share\vm\runtime\objectMonitor.cpp, line 1683]
Event: 2.511 Thread 0x000000001c4c5800 Exception <a 'java/lang/reflect/InvocationTargetException'> (0x0000000780ace758) thrown at [C:\re\workspace\8-2-build-windows-amd64-cygwin\jdk8u66\5298\hotspot\src\share\vm\runtime\reflection.cpp, line 1092]
Event: 2.624 Thread 0x000000001c4a5000 Implicit null exception at 0x000000000244e9aa to 0x000000000244ea0d
Event: 2.657 Thread 0x000000001c4a5000 Exception <a 'java/io/FileNotFoundException'> (0x0000000780d602f8) thrown at [C:\re\workspace\8-2-build-windows-amd64-cygwin\jdk8u66\5298\hotspot\src\share\vm\prims\jni.cpp, line 709]
Event: 2.658 Thread 0x000000001c4a5000 Exception <a 'java/io/FileNotFoundException'> (0x0000000780d66478) thrown at [C:\re\workspace\8-2-build-windows-amd64-cygwin\jdk8u66\5298\hotspot\src\share\vm\prims\jni.cpp, line 709]
Event: 2.658 Thread 0x000000001c4a5000 Implicit null exception at 0x000000000228a799 to 0x000000000228ab01

Events (10 events):
Event: 55.049 loading class java/awt/KeyboardFocusManager$2 done
Event: 55.049 loading class sun/awt/SunToolkit$1
Event: 55.049 loading class sun/awt/SunToolkit$1 done
Event: 55.050 Thread 0x000000001c466800 Uncommon trap: trap_request=0xffffff65 fr.pc=0x00000000029dab8c
Event: 55.050 Thread 0x000000001c466800 DEOPT PACKING pc=0x00000000029dab8c sp=0x000000001d25f340
Event: 55.050 Thread 0x000000001c466800 DEOPT UNPACKING pc=0x000000000211582a sp=0x000000001d25f230 mode 2
Event: 55.050 Thread 0x000000001c4a5000 Uncommon trap: trap_request=0xffffff65 fr.pc=0x00000000029d74d8
Event: 55.050 Thread 0x000000001c4a5000 DEOPT PACKING pc=0x00000000029d74d8 sp=0x000000001d9df380
Event: 55.050 Thread 0x000000001c4a5000 DEOPT UNPACKING pc=0x000000000211582a sp=0x000000001d9df248 mode 2
Event: 55.066 Thread 0x000000001c4c5800 Thread exited: 0x000000001c4c5800


Dynamic libraries:
0x00007ff62aec0000 - 0x00007ff62aef7000 	C:\Program Files\Java\jre1.8.0_66\bin\javaw.exe
0x00007ffcd8f70000 - 0x00007ffcd9131000 	C:\WINDOWS\SYSTEM32\ntdll.dll
0x00007ffcd8d40000 - 0x00007ffcd8ded000 	C:\WINDOWS\system32\KERNEL32.DLL
0x00007ffcd5a00000 - 0x00007ffcd5be8000 	C:\WINDOWS\system32\KERNELBASE.dll
0x00007ffcd6560000 - 0x00007ffcd6607000 	C:\WINDOWS\system32\ADVAPI32.dll
0x00007ffcd8df0000 - 0x00007ffcd8e8d000 	C:\WINDOWS\system32\msvcrt.dll
0x00007ffcd8b40000 - 0x00007ffcd8b9b000 	C:\WINDOWS\system32\sechost.dll
0x00007ffcd8910000 - 0x00007ffcd8a2c000 	C:\WINDOWS\system32\RPCRT4.dll
0x00007ffcd8be0000 - 0x00007ffcd8d36000 	C:\WINDOWS\system32\USER32.dll
0x00007ffcd63d0000 - 0x00007ffcd6556000 	C:\WINDOWS\system32\GDI32.dll
0x00007ffcc8e30000 - 0x00007ffcc90a4000 	C:\WINDOWS\WinSxS\amd64_microsoft.windows.common-controls_6595b64144ccf1df_6.0.10586.0_none_8c15ae12515e1c22\COMCTL32.dll
0x00007ffcd6680000 - 0x00007ffcd68fd000 	C:\WINDOWS\system32\combase.dll
0x00007ffcd5680000 - 0x00007ffcd56ea000 	C:\WINDOWS\system32\bcryptPrimitives.dll
0x00007ffcd8ba0000 - 0x00007ffcd8bdb000 	C:\WINDOWS\system32\IMM32.DLL
0x00000000603e0000 - 0x00000000604b2000 	C:\Program Files\Java\jre1.8.0_66\bin\msvcr100.dll
0x0000000060590000 - 0x0000000060e19000 	C:\Program Files\Java\jre1.8.0_66\bin\server\jvm.dll
0x00007ffcd6610000 - 0x00007ffcd6618000 	C:\WINDOWS\system32\PSAPI.DLL
0x00007ffcc4310000 - 0x00007ffcc4319000 	C:\WINDOWS\SYSTEM32\WSOCK32.dll
0x00007ffcd8720000 - 0x00007ffcd878b000 	C:\WINDOWS\system32\WS2_32.dll
0x00007ffcd3700000 - 0x00007ffcd3723000 	C:\WINDOWS\SYSTEM32\WINMM.dll
0x00007ffcc9130000 - 0x00007ffcc913a000 	C:\WINDOWS\SYSTEM32\VERSION.dll
0x00007ffcd34d0000 - 0x00007ffcd34fc000 	C:\WINDOWS\SYSTEM32\WINMMBASE.dll
0x00007ffcd5bf0000 - 0x00007ffcd5c33000 	C:\WINDOWS\system32\cfgmgr32.dll
0x0000000060580000 - 0x000000006058f000 	C:\Program Files\Java\jre1.8.0_66\bin\verify.dll
0x0000000060550000 - 0x0000000060579000 	C:\Program Files\Java\jre1.8.0_66\bin\java.dll
0x0000000060530000 - 0x0000000060546000 	C:\Program Files\Java\jre1.8.0_66\bin\zip.dll
0x00007ffcd7140000 - 0x00007ffcd869f000 	C:\WINDOWS\system32\SHELL32.dll
0x00007ffcd5d20000 - 0x00007ffcd6364000 	C:\WINDOWS\system32\windows.storage.dll
0x00007ffcd8a30000 - 0x00007ffcd8a82000 	C:\WINDOWS\system32\shlwapi.dll
0x00007ffcd55c0000 - 0x00007ffcd55cf000 	C:\WINDOWS\system32\kernel.appcore.dll
0x00007ffcd5c60000 - 0x00007ffcd5d15000 	C:\WINDOWS\system32\shcore.dll
0x00007ffcd55d0000 - 0x00007ffcd561b000 	C:\WINDOWS\system32\powrprof.dll
0x00007ffcd5590000 - 0x00007ffcd55a4000 	C:\WINDOWS\system32\profapi.dll
0x0000000060240000 - 0x00000000603d8000 	C:\Program Files\Java\jre1.8.0_66\bin\awt.dll
0x00007ffcd8e90000 - 0x00007ffcd8f51000 	C:\WINDOWS\system32\OLEAUT32.dll
0x00007ffcd3d80000 - 0x00007ffcd3df9000 	C:\WINDOWS\system32\apphelp.dll
0x00007ffcd2c70000 - 0x00007ffcd2c92000 	C:\WINDOWS\system32\DWMAPI.DLL
0x00007ffcd3fc0000 - 0x00007ffcd4056000 	C:\WINDOWS\system32\uxtheme.dll
0x00007ffcd87b0000 - 0x00007ffcd890a000 	C:\WINDOWS\system32\MSCTF.dll
0x00007ffcd6ff0000 - 0x00007ffcd7133000 	C:\WINDOWS\system32\ole32.dll
0x00000000601f0000 - 0x0000000060237000 	C:\Program Files\Java\jre1.8.0_66\bin\fontmanager.dll
0x0000000060510000 - 0x000000006052a000 	C:\Program Files\Java\jre1.8.0_66\bin\net.dll
0x00007ffcd4e60000 - 0x00007ffcd4ebc000 	C:\WINDOWS\system32\mswsock.dll
0x00000000604f0000 - 0x0000000060501000 	C:\Program Files\Java\jre1.8.0_66\bin\nio.dll
0x00000000601a0000 - 0x00000000601e2000 	C:\Program Files\Java\jre1.8.0_66\bin\t2k.dll
0x00007ffcd4f10000 - 0x00007ffcd4f27000 	C:\WINDOWS\SYSTEM32\CRYPTSP.dll
0x00007ffcd4ba0000 - 0x00007ffcd4bd4000 	C:\WINDOWS\system32\rsaenh.dll
0x00007ffcd54d0000 - 0x00007ffcd54f9000 	C:\WINDOWS\SYSTEM32\bcrypt.dll
0x00007ffcd4cf0000 - 0x00007ffcd4d0f000 	C:\WINDOWS\SYSTEM32\USERENV.dll
0x00007ffcd5030000 - 0x00007ffcd503b000 	C:\WINDOWS\SYSTEM32\CRYPTBASE.dll
0x00007ffcd2780000 - 0x00007ffcd27b8000 	C:\WINDOWS\SYSTEM32\IPHLPAPI.DLL
0x00007ffcd8f60000 - 0x00007ffcd8f68000 	C:\WINDOWS\system32\NSI.dll
0x00007ffcd1ca0000 - 0x00007ffcd1cb6000 	C:\WINDOWS\SYSTEM32\dhcpcsvc6.DLL
0x00007ffcd2700000 - 0x00007ffcd271a000 	C:\WINDOWS\SYSTEM32\dhcpcsvc.DLL
0x00000000637c0000 - 0x00000000637cd000 	C:\Users\Rodrigo\AppData\Local\Temp\jogamp_0000\file_cache\jln4947717703782021229\jln5993292270461247872\gluegen-rt.dll
0x0000000060190000 - 0x0000000060197000 	C:\Program Files\Java\jre1.8.0_66\bin\jawt.dll
0x000000006a440000 - 0x000000006a44d000 	C:\Users\Rodrigo\AppData\Local\Temp\jogamp_0000\file_cache\jln4947717703782021229\jln5993292270461247872\nativewindow_awt.dll
0x000000006c100000 - 0x000000006c10f000 	C:\Users\Rodrigo\AppData\Local\Temp\jogamp_0000\file_cache\jln4947717703782021229\jln5993292270461247872\nativewindow_win32.dll
0x00007ffcbdf10000 - 0x00007ffcbe039000 	C:\WINDOWS\SYSTEM32\OpenGL32.dll
0x00007ffcc2060000 - 0x00007ffcc208e000 	C:\WINDOWS\SYSTEM32\GLU32.dll
0x00007ffcc8d30000 - 0x00007ffcc8e2a000 	C:\WINDOWS\SYSTEM32\DDRAW.dll
0x00007ffcd39e0000 - 0x00007ffcd39e8000 	C:\WINDOWS\SYSTEM32\DCIMAN32.dll
0x0000000064500000 - 0x00000000645a2000 	C:\Users\Rodrigo\AppData\Local\Temp\jogamp_0000\file_cache\jln4947717703782021229\jln5993292270461247872\jogl_desktop.dll
0x00007ffcac8f0000 - 0x00007ffcad3e3000 	C:\WINDOWS\SYSTEM32\ig75icd64.dll
0x00007ffcce180000 - 0x00007ffcceb82000 	C:\WINDOWS\SYSTEM32\igdusc64.dll
0x00007ffcd3300000 - 0x00007ffcd3313000 	C:\WINDOWS\SYSTEM32\WTSAPI32.dll
0x00007ffcd3f10000 - 0x00007ffcd3fba000 	C:\WINDOWS\SYSTEM32\DNSAPI.dll
0x00000000604c0000 - 0x00000000604e6000 	C:\Program Files\Bonjour\mdnsNSP.dll
0x00007ffcc5ce0000 - 0x00007ffcc5cea000 	C:\Windows\System32\rasadhlp.dll
0x00007ffccaad0000 - 0x00007ffccab37000 	C:\WINDOWS\System32\fwpuclnt.dll
0x00007ffcbfdd0000 - 0x00007ffcbff5c000 	C:\WINDOWS\SYSTEM32\dbghelp.dll

VM Arguments:
jvm_args: -Djava.security.policy=java.policy.applet -Dfile.encoding=Cp1252 
java_command: sun.applet.AppletViewer module3.EarthquakeCityMap1450014630715.html
java_class_path (initial): C:\Users\Rodrigo\workspace\UCSDUnfoldingMaps\build;C:\Users\Rodrigo\workspace\UCSDUnfoldingMaps\lib\core.jar;C:\Users\Rodrigo\workspace\UCSDUnfoldingMaps\lib\gluegen-rt.jar;C:\Users\Rodrigo\workspace\UCSDUnfoldingMaps\lib\jogl-all.jar;C:\Users\Rodrigo\workspace\UCSDUnfoldingMaps\lib\log4j-1.2.15.jar;C:\Users\Rodrigo\workspace\UCSDUnfoldingMaps\lib\sqlite-jdbc-3.7.2.jar;C:\Users\Rodrigo\workspace\UCSDUnfoldingMaps\lib\json4processing.jar;C:\Users\Rodrigo\workspace\UCSDUnfoldingMaps\lib\libTUIO.jar;C:\Users\Rodrigo\workspace\UCSDUnfoldingMaps\lib\unfolding.0.9.7-uscd.jar
Launcher Type: SUN_STANDARD

Environment Variables:
JAVA_HOME=C:\Program Files\Java\jdk1.7.0_79\
PATH=C:/Program Files/Java/jre1.8.0_66/bin/server;C:/Program Files/Java/jre1.8.0_66/bin;C:/Program Files/Java/jre1.8.0_66/lib/amd64;C:\ProgramData\Oracle\Java\javapath;C:\Program Files (x86)\Intel\iCLS Client\;C:\Program Files\Intel\iCLS Client\;C:\WINDOWS\system32;C:\WINDOWS;C:\WINDOWS\System32\Wbem;C:\WINDOWS\System32\WindowsPowerShell\v1.0\;C:\Program Files\Intel\Intel(R) Management Engine Components\DAL;C:\Program Files\Intel\Intel(R) Management Engine Components\IPT;C:\Program Files (x86)\Intel\Intel(R) Management Engine Components\DAL;C:\Program Files (x86)\Intel\Intel(R) Management Engine Components\IPT;C:\Program Files\Hewlett-Packard\SimplePass\;C:\Program Files\Intel\WiFi\bin\;C:\Program Files\Common Files\Intel\WirelessCommon\;C:\Program Files (x86)\Skype\Phone\;C:\Users\Rodrigo\Desktop;
USERNAME=Rodrigo
OS=Windows_NT
PROCESSOR_IDENTIFIER=Intel64 Family 6 Model 60 Stepping 3, GenuineIntel



---------------  S Y S T E M  ---------------

OS: Windows 10.0 , 64 bit Build 10586 (10.0.10586.0)

CPU:total 8 (4 cores per cpu, 2 threads per core) family 6 model 60 stepping 3, cmov, cx8, fxsr, mmx, sse, sse2, sse3, ssse3, sse4.1, sse4.2, popcnt, avx, avx2, aes, clmul, erms, lzcnt, ht, tsc, tscinvbit, bmi1, bmi2

Memory: 4k page, physical 12513304k(8052576k free), swap 15003672k(8793928k free)

vm_info: Java HotSpot(TM) 64-Bit Server VM (25.66-b18) for windows-amd64 JRE (1.8.0_66-b18), built on Nov  9 2015 10:51:13 by "java_re" with MS VC++ 10.0 (VS2010)

time: Sun Dec 13 11:51:25 2015
elapsed time: 55 seconds (0d 0h 0m 55s)

