#
# A fatal error has been detected by the Java Runtime Environment:
#
#  EXCEPTION_ACCESS_VIOLATION (0xc0000005) at pc=0x00007ffc118fd69a, pid=3612, tid=9484
#
# JRE version: Java(TM) SE Runtime Environment (8.0_66-b18) (build 1.8.0_66-b18)
# Java VM: Java HotSpot(TM) 64-Bit Server VM (25.66-b18 mixed mode windows-amd64 compressed oops)
# Problematic frame:
# C  [ig75icd64.dll+0xed69a]
#
# Failed to write core dump. Minidumps are not enabled by default on client versions of Windows
#
# If you would like to submit a bug report, please visit:
#   http://bugreport.java.com/bugreport/crash.jsp
# The crash happened outside the Java Virtual Machine in native code.
# See problematic frame for where to report the bug.
#

---------------  T H R E A D  ---------------

Current thread (0x000000001c74b000):  JavaThread "AWT-EventQueue-1" [_thread_in_native, id=9484, stack(0x000000001dc80000,0x000000001dd80000)]

siginfo: ExceptionCode=0xc0000005, writing address 0x0000000000000880

Registers:
RAX=0x00000000ffffffff, RBX=0x0000000062d06f00, RCX=0x0000000000000000, RDX=0x0000000000000000
RSP=0x000000001dd7d9c0, RBP=0x0000000000000000, RSI=0x0000000062d06f00, RDI=0x0000000000000000
R8 =0x0000000000180e40, R9 =0x0000000000000000, R10=0x0000000000000000, R11=0x0000000000000064
R12=0x00000000004d74a8, R13=0x0000000000000000, R14=0x0000000000000000, R15=0x00007ffc122667a8
RIP=0x00007ffc118fd69a, EFLAGS=0x0000000000010286

Top of Stack: (sp=0x000000001dd7d9c0)
0x000000001dd7d9c0:   0000000062d06f00 0000000062d06f00
0x000000001dd7d9d0:   0000000062d06f00 0000000062d06f00
0x000000001dd7d9e0:   0000000000000000 00007ffc1181dcd8
0x000000001dd7d9f0:   0000000000000000 00000000004f0630
0x000000001dd7da00:   00000000627dbcb0 0000000000000000
0x000000001dd7da10:   0000000000000000 00000000004d74a8
0x000000001dd7da20:   00000000004f0de0 00007ffc1181d554
0x000000001dd7da30:   0000000062d06f00 00000000004f0630
0x000000001dd7da40:   0000000000000000 0000000062d2d718
0x000000001dd7da50:   fffffffffffffffe 0000000000000000
0x000000001dd7da60:   000000001c74b000 0000000000000000
0x000000001dd7da70:   0000000000000040 ffffffff87011106
0x000000001dd7da80:   00000000004ed0f0 00007ffc11d46cbd
0x000000001dd7da90:   00000000628634f0 ffffffff87011106
0x000000001dd7daa0:   00000000004ed0f0 00000000004f60a0
0x000000001dd7dab0:   000000001c74b000 000000001dd7dcd0 

Instructions: (pc=0x00007ffc118fd69a)
0x00007ffc118fd67a:   93 f0 e8 02 00 48 85 d2 74 0c 48 8b 8b f8 e8 02
0x00007ffc118fd68a:   00 e8 10 ef 44 00 48 8b 8b f8 e8 02 00 83 c8 ff
0x00007ffc118fd69a:   f0 0f c1 81 80 08 00 00 ff c8 75 05 e8 65 f0 44
0x00007ffc118fd6aa:   00 b0 01 48 c7 83 f8 e8 02 00 00 00 00 00 48 83 


Register to memory mapping:

RAX=0x00000000ffffffff is an unknown value
RBX=0x0000000062d06f00 is an unknown value
RCX=0x0000000000000000 is an unknown value
RDX=0x0000000000000000 is an unknown value
RSP=0x000000001dd7d9c0 is pointing into the stack for thread: 0x000000001c74b000
RBP=0x0000000000000000 is an unknown value
RSI=0x0000000062d06f00 is an unknown value
RDI=0x0000000000000000 is an unknown value
R8 =0x0000000000180e40 is an unknown value
R9 =0x0000000000000000 is an unknown value
R10=0x0000000000000000 is an unknown value
R11=0x0000000000000064 is an unknown value
R12=0x00000000004d74a8 is an unknown value
R13=0x0000000000000000 is an unknown value
R14=0x0000000000000000 is an unknown value
R15=0x00007ffc122667a8 is an unknown value


Stack: [0x000000001dc80000,0x000000001dd80000],  sp=0x000000001dd7d9c0,  free space=1014k
Native frames: (J=compiled Java code, j=interpreted, Vv=VM code, C=native code)

Java frames: (J=compiled Java code, j=interpreted, Vv=VM code)
J 2346  jogamp.nativewindow.windows.GDI.SwapBuffers(J)Z (0 bytes) @ 0x0000000002b7b081 [0x0000000002b7b040+0x41]
J 2344 C1 jogamp.opengl.windows.wgl.WindowsWGLDrawable.swapBuffersImpl(Z)V (153 bytes) @ 0x0000000002b7648c [0x0000000002b76200+0x28c]
J 2343 C1 jogamp.opengl.GLDrawableImpl.swapBuffers()V (138 bytes) @ 0x0000000002b7727c [0x0000000002b76bc0+0x6bc]
j  javax.media.opengl.awt.GLCanvas$12.run()V+45
J 1898 C1 java.awt.event.InvocationEvent.dispatch()V (69 bytes) @ 0x0000000002a1cc0c [0x0000000002a1cac0+0x14c]
J 2000 C1 java.awt.EventQueue.dispatchEventImpl(Ljava/awt/AWTEvent;Ljava/lang/Object;)V (149 bytes) @ 0x0000000002a69844 [0x0000000002a67c80+0x1bc4]
J 1995 C1 java.awt.EventQueue$3.run()Ljava/lang/Void; (60 bytes) @ 0x0000000002a6269c [0x0000000002a62480+0x21c]
J 1994 C1 java.awt.EventQueue$3.run()Ljava/lang/Object; (5 bytes) @ 0x0000000002a5e4cc [0x0000000002a5e440+0x8c]
v  ~StubRoutines::call_stub
J 441  java.security.AccessController.doPrivileged(Ljava/security/PrivilegedAction;Ljava/security/AccessControlContext;)Ljava/lang/Object; (0 bytes) @ 0x00000000025227e6 [0x0000000002522780+0x66]
J 1669 C1 java.awt.EventQueue.dispatchEvent(Ljava/awt/AWTEvent;)V (80 bytes) @ 0x000000000297b42c [0x000000000297aa80+0x9ac]
J 1696 C1 java.awt.EventDispatchThread.pumpOneEventForFilters(I)V (295 bytes) @ 0x000000000298d14c [0x000000000298b5c0+0x1b8c]
j  java.awt.EventDispatchThread.pumpEventsForFilter(ILjava/awt/Conditional;Ljava/awt/EventFilter;)V+35
j  java.awt.EventDispatchThread.pumpEventsForHierarchy(ILjava/awt/Conditional;Ljava/awt/Component;)V+11
j  java.awt.EventDispatchThread.pumpEvents(ILjava/awt/Conditional;)V+4
j  java.awt.EventDispatchThread.pumpEvents(Ljava/awt/Conditional;)V+3
j  java.awt.EventDispatchThread.run()V+9
v  ~StubRoutines::call_stub

---------------  P R O C E S S  ---------------

Java Threads: ( => current thread )
  0x000000001b986800 JavaThread "Thread-21" [_thread_blocked, id=6520, stack(0x0000000072110000,0x0000000072210000)]
  0x000000001c981000 JavaThread "Animation Thread-SharedResourceRunner" daemon [_thread_blocked, id=9176, stack(0x000000001f790000,0x000000001f890000)]
=>0x000000001c74b000 JavaThread "AWT-EventQueue-1" [_thread_in_native, id=9484, stack(0x000000001dc80000,0x000000001dd80000)]
  0x0000000002200800 JavaThread "DestroyJavaVM" [_thread_blocked, id=7644, stack(0x0000000002100000,0x0000000002200000)]
  0x000000001c709800 JavaThread "AWT-EventQueue-0" [_thread_blocked, id=9880, stack(0x000000001d400000,0x000000001d500000)]
  0x000000001c6f6800 JavaThread "thread applet-module4.EarthquakeCityMap.class" [_thread_blocked, id=9376, stack(0x000000001d300000,0x000000001d400000)]
  0x000000001c6ec000 JavaThread "AWT-Windows" daemon [_thread_in_native, id=10224, stack(0x000000001d0f0000,0x000000001d1f0000)]
  0x000000001c6eb800 JavaThread "AWT-Shutdown" [_thread_blocked, id=6180, stack(0x000000001cff0000,0x000000001d0f0000)]
  0x000000001c6e8800 JavaThread "Java2D Disposer" daemon [_thread_blocked, id=9836, stack(0x000000001ce20000,0x000000001cf20000)]
  0x000000001ba0d800 JavaThread "Service Thread" daemon [_thread_blocked, id=9980, stack(0x000000001c340000,0x000000001c440000)]
  0x000000001b984800 JavaThread "C1 CompilerThread3" daemon [_thread_blocked, id=10652, stack(0x000000001c240000,0x000000001c340000)]
  0x000000001b972000 JavaThread "C2 CompilerThread2" daemon [_thread_blocked, id=8580, stack(0x000000001c140000,0x000000001c240000)]
  0x000000001b96a000 JavaThread "C2 CompilerThread1" daemon [_thread_blocked, id=10492, stack(0x000000001c040000,0x000000001c140000)]
  0x000000001b967000 JavaThread "C2 CompilerThread0" daemon [_thread_blocked, id=5896, stack(0x000000001bf40000,0x000000001c040000)]
  0x000000001b964800 JavaThread "Attach Listener" daemon [_thread_blocked, id=9640, stack(0x000000001be40000,0x000000001bf40000)]
  0x000000001988e800 JavaThread "Signal Dispatcher" daemon [_thread_blocked, id=2876, stack(0x000000001bd40000,0x000000001be40000)]
  0x00000000022f9000 JavaThread "Finalizer" daemon [_thread_blocked, id=488, stack(0x000000001b750000,0x000000001b850000)]
  0x00000000022f2000 JavaThread "Reference Handler" daemon [_thread_blocked, id=11120, stack(0x000000001b650000,0x000000001b750000)]

Other Threads:
  0x0000000019879800 VMThread [stack: 0x000000001b550000,0x000000001b650000] [id=1740]
  0x000000001ba42000 WatcherThread [stack: 0x000000001c440000,0x000000001c540000] [id=4300]

VM state:not at safepoint (normal execution)

VM Mutex/Monitor currently owned by a thread: None

Heap:
 PSYoungGen      total 57344K, used 33382K [0x0000000780580000, 0x0000000784580000, 0x00000007c0000000)
  eden space 49152K, 51% used [0x0000000780580000,0x0000000781e1a5f8,0x0000000783580000)
  from space 8192K, 99% used [0x0000000783580000,0x0000000783d7f520,0x0000000783d80000)
  to   space 8192K, 0% used [0x0000000783d80000,0x0000000783d80000,0x0000000784580000)
 ParOldGen       total 131072K, used 7259K [0x0000000701000000, 0x0000000709000000, 0x0000000780580000)
  object space 131072K, 5% used [0x0000000701000000,0x0000000701716c78,0x0000000709000000)
 Metaspace       used 19543K, capacity 19719K, committed 19968K, reserved 1067008K
  class space    used 1919K, capacity 1979K, committed 2048K, reserved 1048576K

Card table byte_map: [0x00000000116d0000,0x0000000011cd0000] byte_map_base: 0x000000000dec8000

Marking Bits: (ParMarkBitMap*) 0x0000000068a5a5b0
 Begin Bits: [0x00000000128d0000, 0x0000000015890000)
 End Bits:   [0x0000000015890000, 0x0000000018850000)

Polling page: 0x0000000000450000

CodeCache: size=245760Kb used=8773Kb max_used=8791Kb free=236986Kb
 bounds [0x0000000002310000, 0x0000000002bc0000, 0x0000000011310000]
 total_blobs=3240 nmethods=2354 adapters=798
 compilation: enabled

Compilation events (10 events):
Event: 32.234 Thread 0x000000001b984800 2360  s    3       java.util.Vector::retainAll (6 bytes)
Event: 32.234 Thread 0x000000001b984800 nmethod 2360 0x0000000002b86b10 code [0x0000000002b86c80, 0x0000000002b86f68]
Event: 32.234 Thread 0x000000001b984800 2361       3       de.fhpotsdam.unfolding.mapdisplay.AbstractMapDisplay$QueueSorter::setCenter (6 bytes)
Event: 32.234 Thread 0x000000001b984800 nmethod 2361 0x0000000002b867d0 code [0x0000000002b86920, 0x0000000002b86a90]
Event: 32.556 Thread 0x000000001b972000 2362       4       java.nio.Buffer::<init> (121 bytes)
Event: 32.559 Thread 0x000000001b972000 nmethod 2362 0x0000000002b862d0 code [0x0000000002b86420, 0x0000000002b865d8]
Event: 33.833 Thread 0x000000001b967000 2363       4       processing.opengl.PJOGL::depthFunc (11 bytes)
Event: 33.837 Thread 0x000000001b967000 nmethod 2363 0x0000000002b85e10 code [0x0000000002b85f60, 0x0000000002b860a8]
Event: 33.995 Thread 0x000000001b96a000 2364       4       java.util.ArrayList::iterator (10 bytes)
Event: 33.997 Thread 0x000000001b96a000 nmethod 2364 0x0000000002b89650 code [0x0000000002b897a0, 0x0000000002b89878]

GC Heap History (6 events):
Event: 2.307 GC heap before
{Heap before GC invocations=1 (full 0):
 PSYoungGen      total 57344K, used 49152K [0x0000000780580000, 0x0000000784580000, 0x00000007c0000000)
  eden space 49152K, 100% used [0x0000000780580000,0x0000000783580000,0x0000000783580000)
  from space 8192K, 0% used [0x0000000783d80000,0x0000000783d80000,0x0000000784580000)
  to   space 8192K, 0% used [0x0000000783580000,0x0000000783580000,0x0000000783d80000)
 ParOldGen       total 131072K, used 0K [0x0000000701000000, 0x0000000709000000, 0x0000000780580000)
  object space 131072K, 0% used [0x0000000701000000,0x0000000701000000,0x0000000709000000)
 Metaspace       used 15353K, capacity 15587K, committed 15744K, reserved 1062912K
  class space    used 1528K, capacity 1591K, committed 1664K, reserved 1048576K
Event: 2.325 GC heap after
Heap after GC invocations=1 (full 0):
 PSYoungGen      total 57344K, used 6258K [0x0000000780580000, 0x0000000784580000, 0x00000007c0000000)
  eden space 49152K, 0% used [0x0000000780580000,0x0000000780580000,0x0000000783580000)
  from space 8192K, 76% used [0x0000000783580000,0x0000000783b9ca78,0x0000000783d80000)
  to   space 8192K, 0% used [0x0000000783d80000,0x0000000783d80000,0x0000000784580000)
 ParOldGen       total 131072K, used 8K [0x0000000701000000, 0x0000000709000000, 0x0000000780580000)
  object space 131072K, 0% used [0x0000000701000000,0x0000000701002000,0x0000000709000000)
 Metaspace       used 15353K, capacity 15587K, committed 15744K, reserved 1062912K
  class space    used 1528K, capacity 1591K, committed 1664K, reserved 1048576K
}
Event: 3.683 GC heap before
{Heap before GC invocations=2 (full 0):
 PSYoungGen      total 57344K, used 55246K [0x0000000780580000, 0x0000000784580000, 0x00000007c0000000)
  eden space 49152K, 99% used [0x0000000780580000,0x0000000783556e20,0x0000000783580000)
  from space 8192K, 76% used [0x0000000783580000,0x0000000783b9ca78,0x0000000783d80000)
  to   space 8192K, 0% used [0x0000000783d80000,0x0000000783d80000,0x0000000784580000)
 ParOldGen       total 131072K, used 8K [0x0000000701000000, 0x0000000709000000, 0x0000000780580000)
  object space 131072K, 0% used [0x0000000701000000,0x0000000701002000,0x0000000709000000)
 Metaspace       used 18978K, capacity 19135K, committed 19456K, reserved 1067008K
  class space    used 1917K, capacity 1979K, committed 2048K, reserved 1048576K
Event: 3.702 GC heap after
Heap after GC invocations=2 (full 0):
 PSYoungGen      total 57344K, used 8189K [0x0000000780580000, 0x0000000787580000, 0x00000007c0000000)
  eden space 49152K, 0% used [0x0000000780580000,0x0000000780580000,0x0000000783580000)
  from space 8192K, 99% used [0x0000000783d80000,0x000000078457f530,0x0000000784580000)
  to   space 8192K, 0% used [0x0000000783580000,0x0000000783580000,0x0000000783d80000)
 ParOldGen       total 131072K, used 6715K [0x0000000701000000, 0x0000000709000000, 0x0000000780580000)
  object space 131072K, 5% used [0x0000000701000000,0x000000070168ec68,0x0000000709000000)
 Metaspace       used 18978K, capacity 19135K, committed 19456K, reserved 1067008K
  class space    used 1917K, capacity 1979K, committed 2048K, reserved 1048576K
}
Event: 24.541 GC heap before
{Heap before GC invocations=3 (full 0):
 PSYoungGen      total 57344K, used 57341K [0x0000000780580000, 0x0000000787580000, 0x00000007c0000000)
  eden space 49152K, 100% used [0x0000000780580000,0x0000000783580000,0x0000000783580000)
  from space 8192K, 99% used [0x0000000783d80000,0x000000078457f530,0x0000000784580000)
  to   space 8192K, 0% used [0x0000000783580000,0x0000000783580000,0x0000000783d80000)
 ParOldGen       total 131072K, used 6715K [0x0000000701000000, 0x0000000709000000, 0x0000000780580000)
  object space 131072K, 5% used [0x0000000701000000,0x000000070168ec68,0x0000000709000000)
 Metaspace       used 19538K, capacity 19719K, committed 19968K, reserved 1067008K
  class space    used 1917K, capacity 1979K, committed 2048K, reserved 1048576K
Event: 24.556 GC heap after
Heap after GC invocations=3 (full 0):
 PSYoungGen      total 57344K, used 8189K [0x0000000780580000, 0x0000000784580000, 0x00000007c0000000)
  eden space 49152K, 0% used [0x0000000780580000,0x0000000780580000,0x0000000783580000)
  from space 8192K, 99% used [0x0000000783580000,0x0000000783d7f520,0x0000000783d80000)
  to   space 8192K, 0% used [0x0000000783d80000,0x0000000783d80000,0x0000000784580000)
 ParOldGen       total 131072K, used 7259K [0x0000000701000000, 0x0000000709000000, 0x0000000780580000)
  object space 131072K, 5% used [0x0000000701000000,0x0000000701716c78,0x0000000709000000)
 Metaspace       used 19538K, capacity 19719K, committed 19968K, reserved 1067008K
  class space    used 1917K, capacity 1979K, committed 2048K, reserved 1048576K
}

Deoptimization events (10 events):
Event: 3.053 Thread 0x000000001c74b000 Uncommon trap: reason=class_check action=maybe_recompile pc=0x0000000002765b14 method=com.jogamp.common.nio.Buffers.getDirectBufferByteOffset(Ljava/lang/Object;)I @ 42
Event: 3.057 Thread 0x000000001c74b000 Uncommon trap: reason=unstable_if action=reinterpret pc=0x00000000026e6dbc method=java.lang.String.trim()Ljava/lang/String; @ 23
Event: 3.123 Thread 0x000000001c74b000 Uncommon trap: reason=class_check action=maybe_recompile pc=0x000000000247cd98 method=java.lang.String.equals(Ljava/lang/Object;)Z @ 8
Event: 3.123 Thread 0x000000001c74b000 Uncommon trap: reason=class_check action=maybe_recompile pc=0x000000000247cd98 method=java.lang.String.equals(Ljava/lang/Object;)Z @ 8
Event: 3.123 Thread 0x000000001c74b000 Uncommon trap: reason=class_check action=maybe_recompile pc=0x000000000247cd98 method=java.lang.String.equals(Ljava/lang/Object;)Z @ 8
Event: 3.123 Thread 0x000000001c74b000 Uncommon trap: reason=class_check action=maybe_recompile pc=0x000000000247cd98 method=java.lang.String.equals(Ljava/lang/Object;)Z @ 8
Event: 3.189 Thread 0x000000001c74b000 Uncommon trap: reason=class_check action=maybe_recompile pc=0x0000000002765b14 method=com.jogamp.common.nio.Buffers.getDirectBufferByteOffset(Ljava/lang/Object;)I @ 42
Event: 3.199 Thread 0x000000001c74b000 Uncommon trap: reason=class_check action=maybe_recompile pc=0x0000000002765b14 method=com.jogamp.common.nio.Buffers.getDirectBufferByteOffset(Ljava/lang/Object;)I @ 42
Event: 3.211 Thread 0x000000001b983800 Uncommon trap: reason=unstable_if action=reinterpret pc=0x00000000026d0984 method=java.lang.String.regionMatches(ZILjava/lang/String;II)Z @ 123
Event: 3.237 Thread 0x000000001c74b000 Uncommon trap: reason=class_check action=maybe_recompile pc=0x0000000002765b14 method=com.jogamp.common.nio.Buffers.getDirectBufferByteOffset(Ljava/lang/Object;)I @ 42

Internal exceptions (10 events):
Event: 0.131 Thread 0x0000000002200800 Exception <a 'java/lang/NoSuchFieldError': method resolution failed> (0x00000007808cf6f0) thrown at [C:\re\workspace\8-2-build-windows-amd64-cygwin\jdk8u66\5298\hotspot\src\share\vm\prims\methodHandles.cpp, line 1146]
Event: 0.150 Thread 0x0000000002200800 Implicit null exception at 0x0000000002471f9c to 0x0000000002472175
Event: 0.180 Thread 0x0000000002200800 Exception <a 'java/io/FileNotFoundException'> (0x00000007809adf80) thrown at [C:\re\workspace\8-2-build-windows-amd64-cygwin\jdk8u66\5298\hotspot\src\share\vm\prims\jni.cpp, line 709]
Event: 0.202 Thread 0x0000000002200800 Exception <a 'java/io/FileNotFoundException'> (0x00000007809d99b8) thrown at [C:\re\workspace\8-2-build-windows-amd64-cygwin\jdk8u66\5298\hotspot\src\share\vm\prims\jni.cpp, line 709]
Event: 2.398 Thread 0x000000001c777000 Exception <a 'java/lang/InterruptedException'> (0x0000000780a02000) thrown at [C:\re\workspace\8-2-build-windows-amd64-cygwin\jdk8u66\5298\hotspot\src\share\vm\runtime\objectMonitor.cpp, line 1683]
Event: 2.435 Thread 0x000000001c777000 Exception <a 'java/lang/reflect/InvocationTargetException'> (0x0000000780ace718) thrown at [C:\re\workspace\8-2-build-windows-amd64-cygwin\jdk8u66\5298\hotspot\src\share\vm\runtime\reflection.cpp, line 1092]
Event: 2.538 Thread 0x000000001c74b000 Implicit null exception at 0x00000000026941aa to 0x000000000269420d
Event: 2.567 Thread 0x000000001c74b000 Exception <a 'java/io/FileNotFoundException'> (0x0000000780d5a1b8) thrown at [C:\re\workspace\8-2-build-windows-amd64-cygwin\jdk8u66\5298\hotspot\src\share\vm\prims\jni.cpp, line 709]
Event: 2.568 Thread 0x000000001c74b000 Exception <a 'java/io/FileNotFoundException'> (0x0000000780d60328) thrown at [C:\re\workspace\8-2-build-windows-amd64-cygwin\jdk8u66\5298\hotspot\src\share\vm\prims\jni.cpp, line 709]
Event: 2.568 Thread 0x000000001c74b000 Implicit null exception at 0x00000000024c6896 to 0x00000000024c6be5

Events (10 events):
Event: 25.614 Thread 0x000000001c74b000 DEOPT PACKING pc=0x0000000002a21bb9 sp=0x000000001dd7d600
Event: 25.614 Thread 0x000000001c74b000 DEOPT UNPACKING pc=0x000000000235787f sp=0x000000001dd7d328 mode 0
Event: 29.795 loading class java/util/ArrayList$1
Event: 29.795 loading class java/util/ArrayList$1 done
Event: 34.093 loading class sun/applet/AppletViewer$3
Event: 34.093 loading class sun/applet/AppletViewer$3 done
Event: 34.094 Thread 0x000000001b986800 Thread added: 0x000000001b986800
Event: 34.094 loading class sun/applet/AppletPanel$4
Event: 34.094 loading class sun/applet/AppletPanel$4 done
Event: 34.111 Thread 0x000000001c777000 Thread exited: 0x000000001c777000


Dynamic libraries:
0x00007ff789ca0000 - 0x00007ff789cd7000 	C:\Program Files\Java\jre1.8.0_66\bin\javaw.exe
0x00007ffc42fd0000 - 0x00007ffc43191000 	C:\WINDOWS\SYSTEM32\ntdll.dll
0x00007ffc40c70000 - 0x00007ffc40d1d000 	C:\WINDOWS\system32\KERNEL32.DLL
0x00007ffc3ff20000 - 0x00007ffc40108000 	C:\WINDOWS\system32\KERNELBASE.dll
0x00007ffc411c0000 - 0x00007ffc41267000 	C:\WINDOWS\system32\ADVAPI32.dll
0x00007ffc40940000 - 0x00007ffc409dd000 	C:\WINDOWS\system32\msvcrt.dll
0x00007ffc42f30000 - 0x00007ffc42f8b000 	C:\WINDOWS\system32\sechost.dll
0x00007ffc409e0000 - 0x00007ffc40afc000 	C:\WINDOWS\system32\RPCRT4.dll
0x00007ffc42cf0000 - 0x00007ffc42e46000 	C:\WINDOWS\system32\USER32.dll
0x00007ffc414d0000 - 0x00007ffc41656000 	C:\WINDOWS\system32\GDI32.dll
0x00007ffc32240000 - 0x00007ffc324b4000 	C:\WINDOWS\WinSxS\amd64_microsoft.windows.common-controls_6595b64144ccf1df_6.0.10586.0_none_8c15ae12515e1c22\COMCTL32.dll
0x00007ffc404e0000 - 0x00007ffc4075d000 	C:\WINDOWS\system32\combase.dll
0x00007ffc3f780000 - 0x00007ffc3f7ea000 	C:\WINDOWS\system32\bcryptPrimitives.dll
0x00007ffc42f90000 - 0x00007ffc42fcb000 	C:\WINDOWS\system32\IMM32.DLL
0x0000000068060000 - 0x0000000068132000 	C:\Program Files\Java\jre1.8.0_66\bin\msvcr100.dll
0x0000000068250000 - 0x0000000068ad9000 	C:\Program Files\Java\jre1.8.0_66\bin\server\jvm.dll
0x00007ffc408b0000 - 0x00007ffc408b8000 	C:\WINDOWS\system32\PSAPI.DLL
0x00007ffc30ab0000 - 0x00007ffc30ab9000 	C:\WINDOWS\SYSTEM32\WSOCK32.dll
0x00007ffc324e0000 - 0x00007ffc324ea000 	C:\WINDOWS\SYSTEM32\VERSION.dll
0x00007ffc3d840000 - 0x00007ffc3d863000 	C:\WINDOWS\SYSTEM32\WINMM.dll
0x00007ffc40d20000 - 0x00007ffc40d8b000 	C:\WINDOWS\system32\WS2_32.dll
0x00007ffc3d760000 - 0x00007ffc3d78c000 	C:\WINDOWS\SYSTEM32\WINMMBASE.dll
0x00007ffc3f730000 - 0x00007ffc3f773000 	C:\WINDOWS\system32\cfgmgr32.dll
0x0000000068240000 - 0x000000006824f000 	C:\Program Files\Java\jre1.8.0_66\bin\verify.dll
0x0000000068210000 - 0x0000000068239000 	C:\Program Files\Java\jre1.8.0_66\bin\java.dll
0x00000000681f0000 - 0x0000000068206000 	C:\Program Files\Java\jre1.8.0_66\bin\zip.dll
0x00007ffc41790000 - 0x00007ffc42cef000 	C:\WINDOWS\system32\SHELL32.dll
0x00007ffc3f7f0000 - 0x00007ffc3fe34000 	C:\WINDOWS\system32\windows.storage.dll
0x00007ffc41730000 - 0x00007ffc41782000 	C:\WINDOWS\system32\shlwapi.dll
0x00007ffc3f670000 - 0x00007ffc3f67f000 	C:\WINDOWS\system32\kernel.appcore.dll
0x00007ffc3fe40000 - 0x00007ffc3fef5000 	C:\WINDOWS\system32\shcore.dll
0x00007ffc3f610000 - 0x00007ffc3f65b000 	C:\WINDOWS\system32\powrprof.dll
0x00007ffc3f5f0000 - 0x00007ffc3f604000 	C:\WINDOWS\system32\profapi.dll
0x0000000067ec0000 - 0x0000000068058000 	C:\Program Files\Java\jre1.8.0_66\bin\awt.dll
0x00007ffc41660000 - 0x00007ffc41721000 	C:\WINDOWS\system32\OLEAUT32.dll
0x00007ffc3dde0000 - 0x00007ffc3de59000 	C:\WINDOWS\system32\apphelp.dll
0x00007ffc3d140000 - 0x00007ffc3d162000 	C:\WINDOWS\system32\DWMAPI.DLL
0x00007ffc3e050000 - 0x00007ffc3e0e6000 	C:\WINDOWS\system32\uxtheme.dll
0x00007ffc40b00000 - 0x00007ffc40c5a000 	C:\WINDOWS\system32\MSCTF.dll
0x00007ffc40760000 - 0x00007ffc408a3000 	C:\WINDOWS\system32\ole32.dll
0x0000000068180000 - 0x00000000681c7000 	C:\Program Files\Java\jre1.8.0_66\bin\fontmanager.dll
0x00000000681d0000 - 0x00000000681ea000 	C:\Program Files\Java\jre1.8.0_66\bin\net.dll
0x00007ffc3eec0000 - 0x00007ffc3ef1c000 	C:\WINDOWS\system32\mswsock.dll
0x0000000068140000 - 0x0000000068151000 	C:\Program Files\Java\jre1.8.0_66\bin\nio.dll
0x0000000067e70000 - 0x0000000067eb2000 	C:\Program Files\Java\jre1.8.0_66\bin\t2k.dll
0x00007ffc3ef70000 - 0x00007ffc3ef87000 	C:\WINDOWS\SYSTEM32\CRYPTSP.dll
0x00007ffc3ec00000 - 0x00007ffc3ec34000 	C:\WINDOWS\system32\rsaenh.dll
0x00007ffc3f520000 - 0x00007ffc3f549000 	C:\WINDOWS\SYSTEM32\bcrypt.dll
0x00007ffc3ed50000 - 0x00007ffc3ed6f000 	C:\WINDOWS\SYSTEM32\USERENV.dll
0x00007ffc3f090000 - 0x00007ffc3f09b000 	C:\WINDOWS\SYSTEM32\CRYPTBASE.dll
0x00007ffc3cf10000 - 0x00007ffc3cf48000 	C:\WINDOWS\SYSTEM32\IPHLPAPI.DLL
0x00007ffc42e50000 - 0x00007ffc42e58000 	C:\WINDOWS\system32\NSI.dll
0x00007ffc3c130000 - 0x00007ffc3c146000 	C:\WINDOWS\SYSTEM32\dhcpcsvc6.DLL
0x00007ffc3c930000 - 0x00007ffc3c94a000 	C:\WINDOWS\SYSTEM32\dhcpcsvc.DLL
0x00000000637c0000 - 0x00000000637cd000 	C:\Users\Rodrigo\AppData\Local\Temp\jogamp_0000\file_cache\jln2350099462736298684\jln2965794215822121163\gluegen-rt.dll
0x0000000068170000 - 0x0000000068177000 	C:\Program Files\Java\jre1.8.0_66\bin\jawt.dll
0x000000006a440000 - 0x000000006a44d000 	C:\Users\Rodrigo\AppData\Local\Temp\jogamp_0000\file_cache\jln2350099462736298684\jln2965794215822121163\nativewindow_awt.dll
0x000000006c100000 - 0x000000006c10f000 	C:\Users\Rodrigo\AppData\Local\Temp\jogamp_0000\file_cache\jln2350099462736298684\jln2965794215822121163\nativewindow_win32.dll
0x00007ffc215a0000 - 0x00007ffc216c9000 	C:\WINDOWS\SYSTEM32\OpenGL32.dll
0x00007ffc2d2e0000 - 0x00007ffc2d30e000 	C:\WINDOWS\SYSTEM32\GLU32.dll
0x00007ffc201c0000 - 0x00007ffc202ba000 	C:\WINDOWS\SYSTEM32\DDRAW.dll
0x00007ffc3a930000 - 0x00007ffc3a938000 	C:\WINDOWS\SYSTEM32\DCIMAN32.dll
0x0000000064500000 - 0x00000000645a2000 	C:\Users\Rodrigo\AppData\Local\Temp\jogamp_0000\file_cache\jln2350099462736298684\jln2965794215822121163\jogl_desktop.dll
0x00007ffc11810000 - 0x00007ffc12303000 	C:\WINDOWS\SYSTEM32\ig75icd64.dll
0x00007ffc39d50000 - 0x00007ffc3a752000 	C:\WINDOWS\SYSTEM32\igdusc64.dll
0x00007ffc3d4f0000 - 0x00007ffc3d503000 	C:\WINDOWS\SYSTEM32\WTSAPI32.dll
0x00007ffc3df70000 - 0x00007ffc3e01a000 	C:\WINDOWS\SYSTEM32\DNSAPI.dll
0x0000000068f40000 - 0x0000000068f66000 	C:\Program Files\Bonjour\mdnsNSP.dll
0x00007ffc32650000 - 0x00007ffc3265a000 	C:\Windows\System32\rasadhlp.dll
0x00007ffc340c0000 - 0x00007ffc34127000 	C:\WINDOWS\System32\fwpuclnt.dll
0x00007ffc360f0000 - 0x00007ffc3627c000 	C:\WINDOWS\SYSTEM32\dbghelp.dll

VM Arguments:
jvm_args: -Djava.security.policy=java.policy.applet -Dfile.encoding=Cp1252 
java_command: sun.applet.AppletViewer module4.EarthquakeCityMap1450652831759.html
java_class_path (initial): C:\Users\Rodrigo\workspace\UCSDUnfoldingMaps\build;C:\Users\Rodrigo\workspace\UCSDUnfoldingMaps\lib\core.jar;C:\Users\Rodrigo\workspace\UCSDUnfoldingMaps\lib\gluegen-rt.jar;C:\Users\Rodrigo\workspace\UCSDUnfoldingMaps\lib\jogl-all.jar;C:\Users\Rodrigo\workspace\UCSDUnfoldingMaps\lib\log4j-1.2.15.jar;C:\Users\Rodrigo\workspace\UCSDUnfoldingMaps\lib\sqlite-jdbc-3.7.2.jar;C:\Users\Rodrigo\workspace\UCSDUnfoldingMaps\lib\json4processing.jar;C:\Users\Rodrigo\workspace\UCSDUnfoldingMaps\lib\libTUIO.jar;C:\Users\Rodrigo\workspace\UCSDUnfoldingMaps\lib\unfolding.0.9.7-uscd.jar
Launcher Type: SUN_STANDARD

Environment Variables:
JAVA_HOME=C:\Program Files\Java\jdk1.7.0_79\
PATH=C:/Program Files/Java/jre1.8.0_66/bin/server;C:/Program Files/Java/jre1.8.0_66/bin;C:/Program Files/Java/jre1.8.0_66/lib/amd64;C:\ProgramData\Oracle\Java\javapath;C:\Program Files (x86)\Intel\iCLS Client\;C:\Program Files\Intel\iCLS Client\;C:\WINDOWS\system32;C:\WINDOWS;C:\WINDOWS\System32\Wbem;C:\WINDOWS\System32\WindowsPowerShell\v1.0\;C:\Program Files\Intel\Intel(R) Management Engine Components\DAL;C:\Program Files\Intel\Intel(R) Management Engine Components\IPT;C:\Program Files (x86)\Intel\Intel(R) Management Engine Components\DAL;C:\Program Files (x86)\Intel\Intel(R) Management Engine Components\IPT;C:\Program Files\Hewlett-Packard\SimplePass\;C:\Program Files\Intel\WiFi\bin\;C:\Program Files\Common Files\Intel\WirelessCommon\;C:\Program Files (x86)\Skype\Phone\;C:\Users\Rodrigo\Desktop;
USERNAME=Rodrigo
OS=Windows_NT
PROCESSOR_IDENTIFIER=Intel64 Family 6 Model 60 Stepping 3, GenuineIntel



---------------  S Y S T E M  ---------------

OS: Windows 10.0 , 64 bit Build 10586 (10.0.10586.0)

CPU:total 8 (4 cores per cpu, 2 threads per core) family 6 model 60 stepping 3, cmov, cx8, fxsr, mmx, sse, sse2, sse3, ssse3, sse4.1, sse4.2, popcnt, avx, avx2, aes, clmul, erms, lzcnt, ht, tsc, tscinvbit, bmi1, bmi2

Memory: 4k page, physical 12513304k(8758108k free), swap 14413848k(9870812k free)

vm_info: Java HotSpot(TM) 64-Bit Server VM (25.66-b18) for windows-amd64 JRE (1.8.0_66-b18), built on Nov  9 2015 10:51:13 by "java_re" with MS VC++ 10.0 (VS2010)

time: Sun Dec 20 21:07:45 2015
elapsed time: 34 seconds (0d 0h 0m 34s)

